[ENV] Reset released at 76000

=== SMOKE: Basic R/W all banks ===
[SB OK] Write ACK id=0
[SB OK] Write ACK id=1
[SB OK] Read addr=2 data=0 id=0
[SB OK] Read addr=3 data=1 id=1
=== SMOKE: done ===

=== CONFLICT: Bank arbitration ===
[SB OK] Write ACK id=0
[SB OK] Write ACK id=0
[SB OK] Read addr=14 data=0 id=1
[SB OK] Read addr=16 data=11 id=1
[SB OK] Write ACK id=2
[SB OK] Write ACK id=2
[SB OK] Read addr=28 data=0 id=3
[SB OK] Read addr=2a data=1 id=3
=== CONFLICT: done ===

=== BACKPRESSURE: FIFO stall chain ===
[BP OK]  req_ready[0]=0 (stall chain working)
[SB OK] Write ACK id=0
[SB OK] Read addr=65 data=cc id=1
[BP OK]  Port 1 unaffected
=== BACKPRESSURE: done ===

=== RANDOM: 40 transactions ===
[SB OK] Write ACK id=0
[SB OK] Write ACK id=1
[SB OK] Write ACK id=2
[SB OK] Write ACK id=3
[SB OK] Write ACK id=0
[SB OK] Write ACK id=1
[SB OK] Write ACK id=2
[SB OK] Write ACK id=3
[SB OK] Read addr=63 data=dd id=0
[SB OK] Write ACK id=1
[SB OK] Write ACK id=2
[SB OK] Write ACK id=3
[SB OK] Write ACK id=0
[SB OK] Write ACK id=1
[SB OK] Write ACK id=2
[SB OK] Write ACK id=3
[SB OK] Write ACK id=0
[SB OK] Write ACK id=1
[SB OK] Write ACK id=2
[SB OK] Write ACK id=3
[SB OK] Write ACK id=0
[SB OK] Write ACK id=1
[SB OK] Write ACK id=2
[SB OK] Read addr=3f data=19 id=3
[SB OK] Write ACK id=0
[SB OK] Write ACK id=1
[SB OK] Write ACK id=2
[SB OK] Write ACK id=3
[SB OK] Write ACK id=0
[SB OK] Write ACK id=1
[SB OK] Write ACK id=2
[SB OK] Write ACK id=3
[SB OK] Write ACK id=0
[SB OK] Write ACK id=1
[SB OK] Write ACK id=2
[SB OK] Write ACK id=3
[SB OK] Write ACK id=0
[SB OK] Write ACK id=1
[SB OK] Write ACK id=2
[SB OK] Write ACK id=3
=== RANDOM: done ===

=== STRESS: 100 W + 100 R ===
[SB OK] Write ACK id=0
[SB OK] Write ACK id=1
[SB OK] Write ACK id=2
[SB OK] Write ACK id=3
[SB OK] Write ACK id=0
[SB OK] Write ACK id=1
[SB OK] Write ACK id=2
[SB OK] Write ACK id=3
[SB OK] Write ACK id=0
[SB OK] Write ACK id=1
[SB OK] Write ACK id=2
[SB OK] Write ACK id=3
[SB OK] Write ACK id=0
[SB OK] Write ACK id=1
[SB OK] Write ACK id=2
[SB OK] Write ACK id=3
[SB OK] Write ACK id=0
[SB OK] Write ACK id=1
[SB OK] Write ACK id=2
[SB OK] Write ACK id=3
[SB OK] Write ACK id=0
[SB OK] Write ACK id=1
[SB OK] Write ACK id=2
[SB OK] Write ACK id=3
[SB OK] Write ACK id=0
[SB OK] Write ACK id=1
[SB OK] Write ACK id=2
[SB OK] Write ACK id=3
[SB OK] Write ACK id=0
[SB OK] Write ACK id=1
[SB OK] Write ACK id=2
[SB OK] Write ACK id=3
[SB OK] Write ACK id=0
[SB OK] Write ACK id=1
[SB OK] Write ACK id=2
[SB OK] Write ACK id=3
[SB OK] Write ACK id=0
[SB OK] Write ACK id=1
[SB OK] Write ACK id=2
[SB OK] Write ACK id=3
[SB OK] Write ACK id=0
[SB OK] Write ACK id=1
[SB OK] Write ACK id=2
[SB OK] Write ACK id=3
[SB OK] Write ACK id=0
[SB OK] Write ACK id=1
[SB OK] Write ACK id=2
[SB OK] Write ACK id=3
[SB OK] Write ACK id=0
[SB OK] Write ACK id=1
[SB OK] Write ACK id=2
[SB OK] Write ACK id=3
[SB OK] Write ACK id=0
[SB OK] Write ACK id=1
[SB OK] Write ACK id=2
[SB OK] Write ACK id=3
[SB OK] Write ACK id=0
[SB OK] Write ACK id=1
[SB OK] Write ACK id=2
[SB OK] Write ACK id=3
[SB OK] Write ACK id=0
[SB OK] Write ACK id=1
[SB OK] Write ACK id=2
[SB OK] Write ACK id=3
[SB OK] Write ACK id=0
[SB OK] Write ACK id=1
[SB OK] Write ACK id=2
[SB OK] Write ACK id=3
[SB OK] Write ACK id=0
[SB OK] Write ACK id=1
[SB OK] Write ACK id=2
[SB OK] Write ACK id=3
[SB OK] Write ACK id=0
[SB OK] Write ACK id=1
[SB OK] Write ACK id=2
[SB OK] Write ACK id=3
[SB OK] Write ACK id=0
[SB OK] Write ACK id=1
[SB OK] Write ACK id=2
[SB OK] Write ACK id=3
[SB OK] Write ACK id=0
[SB OK] Write ACK id=1
[SB OK] Write ACK id=2
[SB OK] Write ACK id=3
[SB OK] Write ACK id=0
[SB OK] Write ACK id=1
[SB OK] Write ACK id=2
[SB OK] Write ACK id=3
[SB OK] Write ACK id=0
[SB OK] Write ACK id=1
[SB OK] Write ACK id=2
[SB OK] Write ACK id=3
[SB OK] Write ACK id=0
[SB OK] Write ACK id=1
[SB OK] Write ACK id=2
[SB OK] Write ACK id=3
[SB OK] Write ACK id=0
[SB OK] Write ACK id=1
[SB OK] Write ACK id=2
[SB OK] Write ACK id=3
[SB OK] Read addr=4 data=40 id=0
[SB OK] Read addr=7 data=41 id=1
[SB OK] Read addr=8 data=42 id=2
[SB OK] Read addr=b data=43 id=3
[SB OK] Read addr=c data=44 id=0
[SB OK] Read addr=f data=45 id=1
[SB OK] Read addr=10 data=46 id=2
[SB OK] Read addr=13 data=47 id=3
[SB OK] Read addr=14 data=48 id=0
[SB OK] Read addr=17 data=49 id=1
[SB OK] Read addr=18 data=4a id=2
[SB OK] Read addr=1b data=4b id=3
[SB OK] Read addr=1c data=4c id=0
[SB OK] Read addr=1f data=4d id=1
[SB OK] Read addr=20 data=4e id=2
[SB OK] Read addr=23 data=4f id=3
[SB OK] Read addr=24 data=50 id=0
[SB OK] Read addr=27 data=51 id=1
[SB OK] Read addr=28 data=52 id=2
[SB OK] Read addr=2b data=53 id=3
[SB OK] Read addr=2c data=54 id=0
[SB OK] Read addr=2f data=55 id=1
[SB OK] Read addr=30 data=56 id=2
[SB OK] Read addr=33 data=57 id=3
[SB OK] Read addr=34 data=58 id=0
[SB OK] Read addr=37 data=59 id=1
[SB OK] Read addr=38 data=5a id=2
[SB OK] Read addr=3b data=5b id=3
[SB OK] Read addr=3c data=5c id=0
[SB OK] Read addr=3f data=5d id=1
[SB OK] Read addr=40 data=5e id=2
[SB OK] Read addr=43 data=5f id=3
[SB OK] Read addr=44 data=60 id=0
[SB OK] Read addr=47 data=61 id=1
[SB OK] Read addr=48 data=62 id=2
[SB OK] Read addr=4b data=63 id=3
[SB OK] Read addr=4c data=24 id=0
[SB OK] Read addr=4f data=25 id=1
[SB OK] Read addr=50 data=26 id=2
[SB OK] Read addr=53 data=27 id=3
[SB OK] Read addr=54 data=28 id=0
[SB OK] Read addr=57 data=29 id=1
[SB OK] Read addr=58 data=2a id=2
[SB OK] Read addr=5b data=2b id=3
[SB OK] Read addr=5c data=2c id=0
[SB OK] Read addr=5f data=2d id=1
[SB OK] Read addr=60 data=2e id=2
[SB OK] Read addr=63 data=2f id=3
[SB OK] Read addr=64 data=30 id=0
[SB OK] Read addr=67 data=31 id=1
[SB OK] Read addr=68 data=32 id=2
[SB OK] Read addr=6b data=33 id=3
[SB OK] Read addr=6c data=34 id=0
[SB OK] Read addr=6f data=35 id=1
[SB OK] Read addr=70 data=36 id=2
[SB OK] Read addr=73 data=37 id=3
[SB OK] Read addr=74 data=38 id=0
[SB OK] Read addr=77 data=39 id=1
[SB OK] Read addr=78 data=3a id=2
[SB OK] Read addr=7b data=3b id=3
[SB OK] Read addr=7c data=3c id=0
[SB OK] Read addr=7f data=3d id=1
[SB OK] Read addr=0 data=3e id=2
[SB OK] Read addr=3 data=3f id=3
[SB OK] Read addr=4 data=40 id=0
[SB OK] Read addr=7 data=41 id=1
[SB OK] Read addr=8 data=42 id=2
[SB OK] Read addr=b data=43 id=3
[SB OK] Read addr=c data=44 id=0
[SB OK] Read addr=f data=45 id=1
[SB OK] Read addr=10 data=46 id=2
[SB OK] Read addr=13 data=47 id=3
[SB OK] Read addr=14 data=48 id=0
[SB OK] Read addr=17 data=49 id=1
[SB OK] Read addr=18 data=4a id=2
[SB OK] Read addr=1b data=4b id=3
[SB OK] Read addr=1c data=4c id=0
[SB OK] Read addr=1f data=4d id=1
[SB OK] Read addr=20 data=4e id=2
[SB OK] Read addr=23 data=4f id=3
[SB OK] Read addr=24 data=50 id=0
[SB OK] Read addr=27 data=51 id=1
[SB OK] Read addr=28 data=52 id=2
[SB OK] Read addr=2b data=53 id=3
[SB OK] Read addr=2c data=54 id=0
[SB OK] Read addr=2f data=55 id=1
[SB OK] Read addr=30 data=56 id=2
[SB OK] Read addr=33 data=57 id=3
[SB OK] Read addr=34 data=58 id=0
[SB OK] Read addr=37 data=59 id=1
[SB OK] Read addr=38 data=5a id=2
[SB OK] Read addr=3b data=5b id=3
[SB OK] Read addr=3c data=5c id=0
[SB OK] Read addr=3f data=5d id=1
[SB OK] Read addr=40 data=5e id=2
[SB OK] Read addr=43 data=5f id=3
[SB OK] Read addr=44 data=60 id=0
[SB OK] Read addr=47 data=61 id=1
[SB OK] Read addr=48 data=62 id=2
[SB OK] Read addr=4b data=63 id=3
=== STRESS: done ===
[SCOREBOARD] Total checks: 254  Errors: 0

========================================
  RESULT: ALL PASSED
========================================

- /Users/vedantnadgir/Desktop/Mem_Subsystem_RTL/banked_sram_ctrl/sim/../verif/system/tb_sys.sv:113: Verilog $finish
- S i m u l a t i o n   R e p o r t: Verilator 5.050 2026-07-01
- Verilator: $finish at 13us; walltime 0.001 s; speed 23.138 ms/s
- Verilator: cpu 0.001 s on 1 threads; allocated 2 MB
