[ENV] Reset released at 76000

=== SMOKE: Basic R/W all banks ===
[SB OK] Write ACK id=0
[SB OK] Write ACK id=1
[SB OK] Read addr=2 data=0 id=0
[SB OK] Read addr=3 data=1 id=1
=== SMOKE: done ===

=== CONFLICT: Bank arbitration ===
[SB OK] Write ACK id=0
[SB OK] Write ACK id=0
[SB OK] Read addr=14 data=0 id=1
[SB OK] Read addr=16 data=1111 id=1
[SB OK] Write ACK id=2
[SB OK] Write ACK id=2
[SB OK] Read addr=28 data=0 id=3
[SB OK] Read addr=2a data=1 id=3
=== CONFLICT: done ===

=== BACKPRESSURE: FIFO stall chain ===
[BP OK]  req_ready[0]=0 (stall chain working)
[SB OK] Write ACK id=0
[SB OK] Read addr=65 data=cccc id=1
[BP OK]  Port 1 unaffected
=== BACKPRESSURE: done ===

=== RANDOM: 40 transactions ===
[SB OK] Write ACK id=0
[SB OK] Write ACK id=1
[SB OK] Write ACK id=2
[SB OK] Write ACK id=3
[SB OK] Write ACK id=0
[SB OK] Write ACK id=1
[SB OK] Write ACK id=2
[SB OK] Write ACK id=3
[SB OK] Read addr=63 data=7dd id=0
[SB OK] Write ACK id=1
[SB OK] Write ACK id=2
[SB OK] Write ACK id=3
[SB OK] Write ACK id=0
[SB OK] Write ACK id=1
[SB OK] Write ACK id=2
[SB OK] Write ACK id=3
[SB OK] Write ACK id=0
[SB OK] Write ACK id=1
[SB OK] Write ACK id=2
[SB OK] Write ACK id=3
[SB OK] Write ACK id=0
[SB OK] Write ACK id=1
[SB OK] Write ACK id=2
[SB OK] Read addr=3f data=2019 id=3
[SB OK] Write ACK id=0
[SB OK] Write ACK id=1
[SB OK] Write ACK id=2
[SB OK] Write ACK id=3
[SB OK] Write ACK id=0
[SB OK] Write ACK id=1
[SB OK] Write ACK id=2
[SB OK] Write ACK id=3
[SB OK] Write ACK id=0
[SB OK] Write ACK id=1
[SB OK] Write ACK id=2
[SB OK] Write ACK id=3
[SB OK] Write ACK id=0
[SB OK] Write ACK id=1
[SB OK] Write ACK id=2
[SB OK] Write ACK id=3
=== RANDOM: done ===

=== STRESS: 100 W + 100 R ===
[SB OK] Write ACK id=0
[SB OK] Write ACK id=1
[SB OK] Write ACK id=2
[SB OK] Write ACK id=3
[SB OK] Write ACK id=0
[SB OK] Write ACK id=1
[SB OK] Write ACK id=2
[SB OK] Write ACK id=3
[SB OK] Write ACK id=0
[SB OK] Write ACK id=1
[SB OK] Write ACK id=2
[SB OK] Write ACK id=3
[SB OK] Write ACK id=0
[SB OK] Write ACK id=1
[SB OK] Write ACK id=2
[SB OK] Write ACK id=3
[SB OK] Write ACK id=0
[SB OK] Write ACK id=1
[SB OK] Write ACK id=2
[SB OK] Write ACK id=3
[SB OK] Write ACK id=0
[SB OK] Write ACK id=1
[SB OK] Write ACK id=2
[SB OK] Write ACK id=3
[SB OK] Write ACK id=0
[SB OK] Write ACK id=1
[SB OK] Write ACK id=2
[SB OK] Write ACK id=3
[SB OK] Write ACK id=0
[SB OK] Write ACK id=1
[SB OK] Write ACK id=2
[SB OK] Write ACK id=3
[SB OK] Write ACK id=0
[SB OK] Write ACK id=1
[SB OK] Write ACK id=2
[SB OK] Write ACK id=3
[SB OK] Write ACK id=0
[SB OK] Write ACK id=1
[SB OK] Write ACK id=2
[SB OK] Write ACK id=3
[SB OK] Write ACK id=0
[SB OK] Write ACK id=1
[SB OK] Write ACK id=2
[SB OK] Write ACK id=3
[SB OK] Write ACK id=0
[SB OK] Write ACK id=1
[SB OK] Write ACK id=2
[SB OK] Write ACK id=3
[SB OK] Write ACK id=0
[SB OK] Write ACK id=1
[SB OK] Write ACK id=2
[SB OK] Write ACK id=3
[SB OK] Write ACK id=0
[SB OK] Write ACK id=1
[SB OK] Write ACK id=2
[SB OK] Write ACK id=3
[SB OK] Write ACK id=0
[SB OK] Write ACK id=1
[SB OK] Write ACK id=2
[SB OK] Write ACK id=3
[SB OK] Write ACK id=0
[SB OK] Write ACK id=1
[SB OK] Write ACK id=2
[SB OK] Write ACK id=3
[SB OK] Write ACK id=0
[SB OK] Write ACK id=1
[SB OK] Write ACK id=2
[SB OK] Write ACK id=3
[SB OK] Write ACK id=0
[SB OK] Write ACK id=1
[SB OK] Write ACK id=2
[SB OK] Write ACK id=3
[SB OK] Write ACK id=0
[SB OK] Write ACK id=1
[SB OK] Write ACK id=2
[SB OK] Write ACK id=3
[SB OK] Write ACK id=0
[SB OK] Write ACK id=1
[SB OK] Write ACK id=2
[SB OK] Write ACK id=3
[SB OK] Write ACK id=0
[SB OK] Write ACK id=1
[SB OK] Write ACK id=2
[SB OK] Write ACK id=3
[SB OK] Write ACK id=0
[SB OK] Write ACK id=1
[SB OK] Write ACK id=2
[SB OK] Write ACK id=3
[SB OK] Write ACK id=0
[SB OK] Write ACK id=1
[SB OK] Write ACK id=2
[SB OK] Write ACK id=3
[SB OK] Write ACK id=0
[SB OK] Write ACK id=1
[SB OK] Write ACK id=2
[SB OK] Write ACK id=3
[SB OK] Write ACK id=0
[SB OK] Write ACK id=1
[SB OK] Write ACK id=2
[SB OK] Write ACK id=3
[SB OK] Read addr=4 data=4040 id=0
[SB OK] Read addr=7 data=4141 id=1
[SB OK] Read addr=8 data=4242 id=2
[SB OK] Read addr=b data=4343 id=3
[SB OK] Read addr=c data=4444 id=0
[SB OK] Read addr=f data=4545 id=1
[SB OK] Read addr=10 data=4646 id=2
[SB OK] Read addr=13 data=4747 id=3
[SB OK] Read addr=14 data=4848 id=0
[SB OK] Read addr=17 data=4949 id=1
[SB OK] Read addr=18 data=4a4a id=2
[SB OK] Read addr=1b data=4b4b id=3
[SB OK] Read addr=1c data=4c4c id=0
[SB OK] Read addr=1f data=4d4d id=1
[SB OK] Read addr=20 data=4e4e id=2
[SB OK] Read addr=23 data=4f4f id=3
[SB OK] Read addr=24 data=5050 id=0
[SB OK] Read addr=27 data=5151 id=1
[SB OK] Read addr=28 data=5252 id=2
[SB OK] Read addr=2b data=5353 id=3
[SB OK] Read addr=2c data=5454 id=0
[SB OK] Read addr=2f data=5555 id=1
[SB OK] Read addr=30 data=5656 id=2
[SB OK] Read addr=33 data=5757 id=3
[SB OK] Read addr=34 data=5858 id=0
[SB OK] Read addr=37 data=5959 id=1
[SB OK] Read addr=38 data=5a5a id=2
[SB OK] Read addr=3b data=5b5b id=3
[SB OK] Read addr=3c data=5c5c id=0
[SB OK] Read addr=3f data=5d5d id=1
[SB OK] Read addr=40 data=5e5e id=2
[SB OK] Read addr=43 data=5f5f id=3
[SB OK] Read addr=44 data=6060 id=0
[SB OK] Read addr=47 data=6161 id=1
[SB OK] Read addr=48 data=6262 id=2
[SB OK] Read addr=4b data=6363 id=3
[SB OK] Read addr=4c data=2424 id=0
[SB OK] Read addr=4f data=2525 id=1
[SB OK] Read addr=50 data=2626 id=2
[SB OK] Read addr=53 data=2727 id=3
[SB OK] Read addr=54 data=2828 id=0
[SB OK] Read addr=57 data=2929 id=1
[SB OK] Read addr=58 data=2a2a id=2
[SB OK] Read addr=5b data=2b2b id=3
[SB OK] Read addr=5c data=2c2c id=0
[SB OK] Read addr=5f data=2d2d id=1
[SB OK] Read addr=60 data=2e2e id=2
[SB OK] Read addr=63 data=2f2f id=3
[SB OK] Read addr=64 data=3030 id=0
[SB OK] Read addr=67 data=3131 id=1
[SB OK] Read addr=68 data=3232 id=2
[SB OK] Read addr=6b data=3333 id=3
[SB OK] Read addr=6c data=3434 id=0
[SB OK] Read addr=6f data=3535 id=1
[SB OK] Read addr=70 data=3636 id=2
[SB OK] Read addr=73 data=3737 id=3
[SB OK] Read addr=74 data=3838 id=0
[SB OK] Read addr=77 data=3939 id=1
[SB OK] Read addr=78 data=3a3a id=2
[SB OK] Read addr=7b data=3b3b id=3
[SB OK] Read addr=7c data=3c3c id=0
[SB OK] Read addr=7f data=3d3d id=1
[SB OK] Read addr=0 data=3e3e id=2
[SB OK] Read addr=3 data=3f3f id=3
[SB OK] Read addr=4 data=4040 id=0
[SB OK] Read addr=7 data=4141 id=1
[SB OK] Read addr=8 data=4242 id=2
[SB OK] Read addr=b data=4343 id=3
[SB OK] Read addr=c data=4444 id=0
[SB OK] Read addr=f data=4545 id=1
[SB OK] Read addr=10 data=4646 id=2
[SB OK] Read addr=13 data=4747 id=3
[SB OK] Read addr=14 data=4848 id=0
[SB OK] Read addr=17 data=4949 id=1
[SB OK] Read addr=18 data=4a4a id=2
[SB OK] Read addr=1b data=4b4b id=3
[SB OK] Read addr=1c data=4c4c id=0
[SB OK] Read addr=1f data=4d4d id=1
[SB OK] Read addr=20 data=4e4e id=2
[SB OK] Read addr=23 data=4f4f id=3
[SB OK] Read addr=24 data=5050 id=0
[SB OK] Read addr=27 data=5151 id=1
[SB OK] Read addr=28 data=5252 id=2
[SB OK] Read addr=2b data=5353 id=3
[SB OK] Read addr=2c data=5454 id=0
[SB OK] Read addr=2f data=5555 id=1
[SB OK] Read addr=30 data=5656 id=2
[SB OK] Read addr=33 data=5757 id=3
[SB OK] Read addr=34 data=5858 id=0
[SB OK] Read addr=37 data=5959 id=1
[SB OK] Read addr=38 data=5a5a id=2
[SB OK] Read addr=3b data=5b5b id=3
[SB OK] Read addr=3c data=5c5c id=0
[SB OK] Read addr=3f data=5d5d id=1
[SB OK] Read addr=40 data=5e5e id=2
[SB OK] Read addr=43 data=5f5f id=3
[SB OK] Read addr=44 data=6060 id=0
[SB OK] Read addr=47 data=6161 id=1
[SB OK] Read addr=48 data=6262 id=2
[SB OK] Read addr=4b data=6363 id=3
=== STRESS: done ===
[SCOREBOARD] Total checks: 254  Errors: 0

========================================
  RESULT: ALL PASSED
========================================

- /Users/vedantnadgir/Desktop/Mem_Subsystem_RTL/banked_sram_ctrl/sim/../verif/system/tb_sys.sv:113: Verilog $finish
- S i m u l a t i o n   R e p o r t: Verilator 5.050 2026-07-01
- Verilator: $finish at 13us; walltime 0.001 s; speed 11.098 ms/s
- Verilator: cpu 0.001 s on 1 threads; allocated 2 MB
