
 /----------------------------------------------------------------------------\
 |  yosys -- Yosys Open SYnthesis Suite                                       |
 |  Copyright (C) 2012 - 2026  Claire Xenia Wolf <claire@yosyshq.com>         |
 |  Distributed under an ISC-like license, type "license" to see terms        |
 \----------------------------------------------------------------------------/
 Yosys 0.67+post (git sha1 b8e7da6f40ae8f552c116bf6c359b07c6533e159, Release, AppleClang clang++ 21.0.0.21000099)

-- Executing script file `/Users/vedantnadgir/Desktop/Mem_Subsystem_RTL/banked_sram_ctrl/synth/generated/synth_bank_scheduler.ys' --

1. Executing Verilog-2005 frontend: ../rtl/pkg/sram_ctrl_pkg.sv
Parsing SystemVerilog input from `../rtl/pkg/sram_ctrl_pkg.sv' to AST representation.
Successfully finished Verilog frontend.

2. Executing Verilog-2005 frontend: ../rtl/bank_scheduler.sv
Parsing SystemVerilog input from `../rtl/bank_scheduler.sv' to AST representation.
Generating RTLIL representation for module `\bank_scheduler'.
Successfully finished Verilog frontend.

3. Executing Verilog-2005 frontend: ../rtl/banked_sram_ctrl.sv
Parsing SystemVerilog input from `../rtl/banked_sram_ctrl.sv' to AST representation.
Generating RTLIL representation for module `\banked_sram_ctrl'.
../rtl/banked_sram_ctrl.sv:159: Warning: Identifier `\req_fifo_head_pkt[0].addr' is implicitly declared.
../rtl/banked_sram_ctrl.sv:159: Warning: Range select [1:0] out of bounds on signal `\req_fifo_head_pkt[0].addr': Setting all 2 result bits to undef.
../rtl/banked_sram_ctrl.sv:159: Warning: Identifier `\req_fifo_head_pkt[1].addr' is implicitly declared.
../rtl/banked_sram_ctrl.sv:159: Warning: Range select [1:0] out of bounds on signal `\req_fifo_head_pkt[1].addr': Setting all 2 result bits to undef.
../rtl/banked_sram_ctrl.sv:159: Warning: Identifier `\req_fifo_head_pkt[2].addr' is implicitly declared.
../rtl/banked_sram_ctrl.sv:159: Warning: Range select [1:0] out of bounds on signal `\req_fifo_head_pkt[2].addr': Setting all 2 result bits to undef.
../rtl/banked_sram_ctrl.sv:159: Warning: Identifier `\req_fifo_head_pkt[3].addr' is implicitly declared.
../rtl/banked_sram_ctrl.sv:159: Warning: Range select [1:0] out of bounds on signal `\req_fifo_head_pkt[3].addr': Setting all 2 result bits to undef.
../rtl/banked_sram_ctrl.sv:159: Warning: Range select [1:0] out of bounds on signal `\req_fifo_head_pkt[0].addr': Setting all 2 result bits to undef.
../rtl/banked_sram_ctrl.sv:159: Warning: Range select [1:0] out of bounds on signal `\req_fifo_head_pkt[1].addr': Setting all 2 result bits to undef.
../rtl/banked_sram_ctrl.sv:159: Warning: Range select [1:0] out of bounds on signal `\req_fifo_head_pkt[2].addr': Setting all 2 result bits to undef.
../rtl/banked_sram_ctrl.sv:159: Warning: Range select [1:0] out of bounds on signal `\req_fifo_head_pkt[3].addr': Setting all 2 result bits to undef.
../rtl/banked_sram_ctrl.sv:159: Warning: Range select [1:0] out of bounds on signal `\req_fifo_head_pkt[0].addr': Setting all 2 result bits to undef.
../rtl/banked_sram_ctrl.sv:159: Warning: Range select [1:0] out of bounds on signal `\req_fifo_head_pkt[1].addr': Setting all 2 result bits to undef.
../rtl/banked_sram_ctrl.sv:159: Warning: Range select [1:0] out of bounds on signal `\req_fifo_head_pkt[2].addr': Setting all 2 result bits to undef.
../rtl/banked_sram_ctrl.sv:159: Warning: Range select [1:0] out of bounds on signal `\req_fifo_head_pkt[3].addr': Setting all 2 result bits to undef.
../rtl/banked_sram_ctrl.sv:159: Warning: Range select [1:0] out of bounds on signal `\req_fifo_head_pkt[0].addr': Setting all 2 result bits to undef.
../rtl/banked_sram_ctrl.sv:159: Warning: Range select [1:0] out of bounds on signal `\req_fifo_head_pkt[1].addr': Setting all 2 result bits to undef.
../rtl/banked_sram_ctrl.sv:159: Warning: Range select [1:0] out of bounds on signal `\req_fifo_head_pkt[2].addr': Setting all 2 result bits to undef.
../rtl/banked_sram_ctrl.sv:159: Warning: Range select [1:0] out of bounds on signal `\req_fifo_head_pkt[3].addr': Setting all 2 result bits to undef.
Successfully finished Verilog frontend.

4. Executing Verilog-2005 frontend: ../rtl/per_bank_arb.sv
Parsing SystemVerilog input from `../rtl/per_bank_arb.sv' to AST representation.
Generating RTLIL representation for module `\per_bank_arb'.
Successfully finished Verilog frontend.

5. Executing Verilog-2005 frontend: ../rtl/perf_counter.sv
Parsing SystemVerilog input from `../rtl/perf_counter.sv' to AST representation.
Generating RTLIL representation for module `\perf_counter'.
Warning: Replacing memory \counter with list of registers. See ../rtl/perf_counter.sv:54
Successfully finished Verilog frontend.

6. Executing Verilog-2005 frontend: ../rtl/req_fifo.sv
Parsing SystemVerilog input from `../rtl/req_fifo.sv' to AST representation.
Generating RTLIL representation for module `\req_fifo'.
Warning: Replacing memory \fifo_mem with list of registers. See ../rtl/req_fifo.sv:56
Successfully finished Verilog frontend.

7. Executing Verilog-2005 frontend: ../rtl/rsp_fifo.sv
Parsing SystemVerilog input from `../rtl/rsp_fifo.sv' to AST representation.
Generating RTLIL representation for module `\rsp_fifo'.
Warning: Replacing memory \fifo_mem with list of registers. See ../rtl/rsp_fifo.sv:52
Successfully finished Verilog frontend.

8. Executing Verilog-2005 frontend: ../rtl/rsp_mux.sv
Parsing SystemVerilog input from `../rtl/rsp_mux.sv' to AST representation.
Generating RTLIL representation for module `\rsp_mux'.
Successfully finished Verilog frontend.

9. Executing Verilog-2005 frontend: ../rtl/sram_array.sv
Parsing SystemVerilog input from `../rtl/sram_array.sv' to AST representation.
Generating RTLIL representation for module `\sram_array'.
Successfully finished Verilog frontend.

10. Executing HIERARCHY pass (managing design hierarchy).

10.1. Analyzing design hierarchy..
Top module:  \bank_scheduler

10.2. Analyzing design hierarchy..
Top module:  \bank_scheduler
Removing unused module `\sram_array'.
Removing unused module `\rsp_mux'.
Removing unused module `\rsp_fifo'.
Removing unused module `\req_fifo'.
Removing unused module `\perf_counter'.
Removing unused module `\per_bank_arb'.
Removing unused module `\banked_sram_ctrl'.
Removed 7 unused modules.
==STAGE:HIERARCHY==

11. Printing statistics.

=== bank_scheduler ===

        +----------Local Count, excluding submodules.
        | 
       67 wires
      382 wire bits
       29 public wires
      231 public wire bits
       20 ports
      176 port bits
        2 processes
       26 cells
       14   $logic_and
        9   $logic_not
        2   $logic_or
        1   $mux

12. Executing PROC pass (convert processes to netlists).

12.1. Executing PROC_CLEAN pass (remove empty switches from decision trees).
Cleaned up 0 empty switches.

12.2. Executing PROC_RMDEAD pass (remove dead branches from decision trees).
Marked 1 switch rules as full_case in process $proc$../rtl/bank_scheduler.sv:101$10 in module bank_scheduler.
Marked 1 switch rules as full_case in process $proc$../rtl/bank_scheduler.sv:73$5 in module bank_scheduler.
Removed a total of 0 dead cases.

12.3. Executing PROC_PRUNE pass (remove redundant assignments in processes).
Removed 0 redundant assignments.
Promoted 0 assignments to connections.

12.4. Executing PROC_INIT pass (extract init attributes).

12.5. Executing PROC_ARST pass (detect async resets in processes).
Found async reset \rst_n in `\bank_scheduler.$proc$../rtl/bank_scheduler.sv:101$10'.
Found async reset \rst_n in `\bank_scheduler.$proc$../rtl/bank_scheduler.sv:73$5'.

12.6. Executing PROC_ROM pass (convert switches to ROMs).
Converted 0 switches.
<suppressed ~2 debug messages>

12.7. Executing PROC_MUX pass (convert decision trees to multiplexers).
Creating decoders for process `\bank_scheduler.$proc$../rtl/bank_scheduler.sv:101$10'.
     1/5: $0\pp1_err[0:0]
     2/5: $0\pp1_we[0:0]
     3/5: $0\pp1_id[5:0]
     4/5: $0\pp1_rdata[31:0]
     5/5: $0\pp1_valid[0:0]
Creating decoders for process `\bank_scheduler.$proc$../rtl/bank_scheduler.sv:73$5'.
     1/7: $0\pp0_err[0:0]
     2/7: $0\pp0_id[5:0]
     3/7: $0\pp0_we[0:0]
     4/7: $0\pp0_strobe[3:0]
     5/7: $0\pp0_data[31:0]
     6/7: $0\pp0_addr[7:0]
     7/7: $0\pp0_valid[0:0]

12.8. Executing PROC_DLATCH pass (convert process syncs to latches).

12.9. Executing PROC_DFF pass (convert process syncs to FFs).
Creating register for signal `\bank_scheduler.\pp1_valid' using process `\bank_scheduler.$proc$../rtl/bank_scheduler.sv:101$10'.
  created $adff cell `$procdff$999' with positive edge clock and positive level reset.
Creating register for signal `\bank_scheduler.\pp1_rdata' using process `\bank_scheduler.$proc$../rtl/bank_scheduler.sv:101$10'.
  created $dff cell `$procdff$1006' with positive edge clock.
Creating register for signal `\bank_scheduler.\pp1_id' using process `\bank_scheduler.$proc$../rtl/bank_scheduler.sv:101$10'.
  created $dff cell `$procdff$1013' with positive edge clock.
Creating register for signal `\bank_scheduler.\pp1_we' using process `\bank_scheduler.$proc$../rtl/bank_scheduler.sv:101$10'.
  created $dff cell `$procdff$1020' with positive edge clock.
Creating register for signal `\bank_scheduler.\pp1_err' using process `\bank_scheduler.$proc$../rtl/bank_scheduler.sv:101$10'.
  created $dff cell `$procdff$1027' with positive edge clock.
Creating register for signal `\bank_scheduler.\pp0_valid' using process `\bank_scheduler.$proc$../rtl/bank_scheduler.sv:73$5'.
  created $adff cell `$procdff$1032' with positive edge clock and positive level reset.
Creating register for signal `\bank_scheduler.\pp0_addr' using process `\bank_scheduler.$proc$../rtl/bank_scheduler.sv:73$5'.
  created $dff cell `$procdff$1039' with positive edge clock.
Creating register for signal `\bank_scheduler.\pp0_data' using process `\bank_scheduler.$proc$../rtl/bank_scheduler.sv:73$5'.
  created $dff cell `$procdff$1046' with positive edge clock.
Creating register for signal `\bank_scheduler.\pp0_strobe' using process `\bank_scheduler.$proc$../rtl/bank_scheduler.sv:73$5'.
  created $dff cell `$procdff$1053' with positive edge clock.
Creating register for signal `\bank_scheduler.\pp0_we' using process `\bank_scheduler.$proc$../rtl/bank_scheduler.sv:73$5'.
  created $dff cell `$procdff$1060' with positive edge clock.
Creating register for signal `\bank_scheduler.\pp0_id' using process `\bank_scheduler.$proc$../rtl/bank_scheduler.sv:73$5'.
  created $dff cell `$procdff$1067' with positive edge clock.
Creating register for signal `\bank_scheduler.\pp0_err' using process `\bank_scheduler.$proc$../rtl/bank_scheduler.sv:73$5'.
  created $dff cell `$procdff$1074' with positive edge clock.

12.10. Executing PROC_MEMWR pass (convert process memory writes to cells).

12.11. Executing PROC_CLEAN pass (remove empty switches from decision trees).
Found and cleaned up 1 empty switch in `\bank_scheduler.$proc$../rtl/bank_scheduler.sv:101$10'.
Removing empty process `bank_scheduler.$proc$../rtl/bank_scheduler.sv:101$10'.
Found and cleaned up 1 empty switch in `\bank_scheduler.$proc$../rtl/bank_scheduler.sv:73$5'.
Removing empty process `bank_scheduler.$proc$../rtl/bank_scheduler.sv:73$5'.
Cleaned up 2 empty switches.

12.12. Executing OPT_EXPR pass (perform const folding).
Optimizing module bank_scheduler.
<suppressed ~24 debug messages>

13. Executing MEMORY pass.

13.1. Executing OPT_MEM pass (optimize memories).
Performed a total of 0 transformations.

13.2. Executing OPT_MEM_PRIORITY pass (removing unnecessary memory write priority relations).
Performed a total of 0 transformations.

13.3. Executing OPT_MEM_FEEDBACK pass (finding memory read-to-write feedback paths).

13.4. Executing MEMORY_BMUX2ROM pass (converting muxes to ROMs).

13.5. Executing MEMORY_DFF pass (merging $dff cells to $memrd).

13.6. Executing OPT_CLEAN pass (remove unused cells and wires).
Finding unused cells or wires in module \bank_scheduler..
Removed 14 unused cells and 57 unused wires.
<suppressed ~15 debug messages>

13.7. Executing MEMORY_SHARE pass (consolidating $memrd/$memwr cells).

13.8. Executing OPT_MEM_WIDEN pass (optimize memories where all ports are wide).
Performed a total of 0 transformations.

13.9. Executing OPT_CLEAN pass (remove unused cells and wires).
Finding unused cells or wires in module \bank_scheduler..

13.10. Executing MEMORY_COLLECT pass (generating $mem cells).

13.11. Executing MEMORY_MAP pass (converting memories to logic and flip-flops).

14. Executing FSM pass (extract and optimize FSM).

14.1. Executing FSM_DETECT pass (finding FSMs in design).

14.2. Executing FSM_EXTRACT pass (extracting FSM from design).

14.3. Executing FSM_OPT pass (simple optimizations of FSMs).

14.4. Executing OPT_CLEAN pass (remove unused cells and wires).
Finding unused cells or wires in module \bank_scheduler..

14.5. Executing FSM_OPT pass (simple optimizations of FSMs).

14.6. Executing FSM_RECODE pass (re-assigning FSM state encoding).

14.7. Executing FSM_INFO pass (dumping all available information on FSM cells).

14.8. Executing FSM_MAP pass (mapping FSMs to basic logic).
==STAGE:PRE_OPT==

15. Printing statistics.

=== bank_scheduler ===

        +----------Local Count, excluding submodules.
        | 
       68 wires
      465 wire bits
       29 public wires
      231 public wire bits
       20 ports
      176 port bits
       58 cells
        2   $adff
       10   $dff
       14   $logic_and
        7   $logic_not
        2   $logic_or
       23   $mux

16. Executing OPT pass (performing simple optimizations).

16.1. Executing OPT_EXPR pass (perform const folding).
Optimizing module bank_scheduler.

16.2. Executing OPT_MERGE pass (detect identical cells).
Finding identical cells in module `\bank_scheduler'.
Computing hashes of 58 cells of `\bank_scheduler'.
Finding duplicate cells in `\bank_scheduler'.
Computing hashes of 54 cells of `\bank_scheduler'.
Finding duplicate cells in `\bank_scheduler'.
Computing hashes of 50 cells of `\bank_scheduler'.
Finding duplicate cells in `\bank_scheduler'.
Computing hashes of 46 cells of `\bank_scheduler'.
Finding duplicate cells in `\bank_scheduler'.
<suppressed ~36 debug messages>
Removed a total of 12 cells.

16.3. Executing OPT_MUXTREE pass (detect dead branches in mux trees).
Running muxtree optimizer on module \bank_scheduler..
  Creating internal representation of mux trees.
  Evaluating internal representation of mux trees.
  Analyzing evaluation results.
Removed 0 multiplexer ports.
<suppressed ~35 debug messages>

16.4. Executing OPT_REDUCE pass (consolidate $*mux and $reduce_* inputs).
  Optimizing cells in module \bank_scheduler.
Performed a total of 0 changes.

16.5. Executing OPT_MERGE pass (detect identical cells).
Finding identical cells in module `\bank_scheduler'.
Computing hashes of 46 cells of `\bank_scheduler'.
Finding duplicate cells in `\bank_scheduler'.
Removed a total of 0 cells.

16.6. Executing OPT_DFF pass (perform DFF optimizations).
Adding EN signal on $procdff$1032 ($adff) from module bank_scheduler (D = \grant_valid, Q = \pp0_valid).
Adding EN signal on $procdff$1060 ($dff) from module bank_scheduler (D = \grant_we, Q = \pp0_we).
Adding EN signal on $procdff$1027 ($dff) from module bank_scheduler (D = \pp0_err, Q = \pp1_err).
Adding EN signal on $procdff$1020 ($dff) from module bank_scheduler (D = \pp0_we, Q = \pp1_we).
Adding EN signal on $procdff$1013 ($dff) from module bank_scheduler (D = \pp0_id, Q = \pp1_id).
Adding EN signal on $procdff$1067 ($dff) from module bank_scheduler (D = \grant_id, Q = \pp0_id).
Adding EN signal on $procdff$1046 ($dff) from module bank_scheduler (D = \grant_data, Q = \pp0_data).
Adding EN signal on $procdff$1039 ($dff) from module bank_scheduler (D = \grant_addr [9:2], Q = \pp0_addr).
Adding EN signal on $procdff$1053 ($dff) from module bank_scheduler (D = \grant_strobe, Q = \pp0_strobe).
Adding EN signal on $procdff$999 ($adff) from module bank_scheduler (D = \pp0_valid, Q = \pp1_valid).
Adding EN signal on $procdff$1074 ($dff) from module bank_scheduler (D = 1'0, Q = \pp0_err).
Adding EN signal on $procdff$1006 ($dff) from module bank_scheduler (D = $ternary$../rtl/bank_scheduler.sv:111$12_Y, Q = \pp1_rdata).
Adding SRST signal on $auto$ff.cc:337:slice$1104 ($dffe) from module bank_scheduler (D = \sram_rdata, Q = \pp1_rdata, rval = 0).
Setting constant 0-bit at position 0 on $auto$ff.cc:337:slice$1101 ($dffe) from module bank_scheduler.

16.7. Executing OPT_CLEAN pass (remove unused cells and wires).
Finding unused cells or wires in module \bank_scheduler..
Removed 24 unused cells and 36 unused wires.
<suppressed ~25 debug messages>

16.8. Executing OPT_EXPR pass (perform const folding).
Optimizing module bank_scheduler.
<suppressed ~2 debug messages>

16.9. Rerunning OPT passes. (Maybe there is more to do..)

16.10. Executing OPT_MUXTREE pass (detect dead branches in mux trees).
Running muxtree optimizer on module \bank_scheduler..
  Creating internal representation of mux trees.
  No muxes found in this module.
Removed 0 multiplexer ports.

16.11. Executing OPT_REDUCE pass (consolidate $*mux and $reduce_* inputs).
  Optimizing cells in module \bank_scheduler.
Performed a total of 0 changes.

16.12. Executing OPT_MERGE pass (detect identical cells).
Finding identical cells in module `\bank_scheduler'.
Computing hashes of 29 cells of `\bank_scheduler'.
Finding duplicate cells in `\bank_scheduler'.
Computing hashes of 22 cells of `\bank_scheduler'.
Finding duplicate cells in `\bank_scheduler'.
<suppressed ~21 debug messages>
Removed a total of 7 cells.

16.13. Executing OPT_DFF pass (perform DFF optimizations).
Removing never-active SRST on $auto$ff.cc:337:slice$1107 ($sdffce) from module bank_scheduler.
Setting constant 0-bit at position 0 on $auto$ff.cc:337:slice$1079 ($dffe) from module bank_scheduler.

16.14. Executing OPT_CLEAN pass (remove unused cells and wires).
Finding unused cells or wires in module \bank_scheduler..
Removed 0 unused cells and 9 unused wires.
<suppressed ~1 debug messages>

16.15. Executing OPT_EXPR pass (perform const folding).
Optimizing module bank_scheduler.

16.16. Rerunning OPT passes. (Maybe there is more to do..)

16.17. Executing OPT_MUXTREE pass (detect dead branches in mux trees).
Running muxtree optimizer on module \bank_scheduler..
  Creating internal representation of mux trees.
  No muxes found in this module.
Removed 0 multiplexer ports.

16.18. Executing OPT_REDUCE pass (consolidate $*mux and $reduce_* inputs).
  Optimizing cells in module \bank_scheduler.
Performed a total of 0 changes.

16.19. Executing OPT_MERGE pass (detect identical cells).
Finding identical cells in module `\bank_scheduler'.
Computing hashes of 21 cells of `\bank_scheduler'.
Finding duplicate cells in `\bank_scheduler'.
Removed a total of 0 cells.

16.20. Executing OPT_DFF pass (perform DFF optimizations).

16.21. Executing OPT_CLEAN pass (remove unused cells and wires).
Finding unused cells or wires in module \bank_scheduler..

16.22. Executing OPT_EXPR pass (perform const folding).
Optimizing module bank_scheduler.

16.23. Finished fast OPT passes. (There is nothing left to do.)
==STAGE:POST_OPT==

17. Printing statistics.

=== bank_scheduler ===

        +----------Local Count, excluding submodules.
        | 
       33 wires
      235 wire bits
       29 public wires
      231 public wire bits
       20 ports
      176 port bits
       21 cells
        2   $adffe
        8   $dffe
        5   $logic_and
        2   $logic_not
        2   $logic_or
        2   $reduce_and

18. Executing TECHMAP pass (map to technology primitives).

18.1. Executing Verilog-2005 frontend: /opt/homebrew/bin/../share/yosys/techmap.v
Parsing Verilog input from `/opt/homebrew/bin/../share/yosys/techmap.v' to AST representation.
Generating RTLIL representation for module `\_90_simplemap_bool_ops'.
Generating RTLIL representation for module `\_90_simplemap_reduce_ops'.
Generating RTLIL representation for module `\_90_simplemap_logic_ops'.
Generating RTLIL representation for module `\_90_simplemap_compare_ops'.
Generating RTLIL representation for module `\_90_simplemap_various'.
Generating RTLIL representation for module `\_90_simplemap_registers'.
Generating RTLIL representation for module `\_90_shift_ops_shr_shl_sshl_sshr'.
Generating RTLIL representation for module `\_90_shift_shiftx'.
Generating RTLIL representation for module `\_90_fa'.
Generating RTLIL representation for module `\_90_lcu_brent_kung'.
Generating RTLIL representation for module `\_90_alu'.
Generating RTLIL representation for module `\_90_macc'.
Generating RTLIL representation for module `\_90_alumacc'.
Generating RTLIL representation for module `$__div_mod_u'.
Generating RTLIL representation for module `$__div_mod_trunc'.
Generating RTLIL representation for module `\_90_div'.
Generating RTLIL representation for module `\_90_mod'.
Generating RTLIL representation for module `$__div_mod_floor'.
Generating RTLIL representation for module `\_90_divfloor'.
Generating RTLIL representation for module `\_90_modfloor'.
Generating RTLIL representation for module `\_90_pow'.
Generating RTLIL representation for module `\_90_demux'.
Generating RTLIL representation for module `\_90_lut'.
Generating RTLIL representation for module `$connect'.
Generating RTLIL representation for module `$input_port'.
Successfully finished Verilog frontend.

18.2. Continuing TECHMAP pass.
Using extmapper simplemap for cells of type $dffe.
Using extmapper simplemap for cells of type $reduce_and.
Using extmapper simplemap for cells of type $adffe.
Using extmapper simplemap for cells of type $logic_not.
Using extmapper simplemap for cells of type $logic_or.
Using extmapper simplemap for cells of type $logic_and.
No more expansions possible.
<suppressed ~98 debug messages>

19. Executing DFFLIBMAP pass (mapping DFF cells to sequential cells from liberty file).
  cell sky130_fd_sc_hd__dfxtp_1 (noninv, pins=3, area=20.02) is a direct match for cell type $_DFF_P_.
  cell sky130_fd_sc_hd__dfrtn_1 (noninv, pins=4, area=25.02) is a direct match for cell type $_DFF_NN0_.
  cell sky130_fd_sc_hd__dfrtp_1 (noninv, pins=4, area=25.02) is a direct match for cell type $_DFF_PN0_.
  cell sky130_fd_sc_hd__dfstp_2 (noninv, pins=4, area=26.28) is a direct match for cell type $_DFF_PN1_.
  cell sky130_fd_sc_hd__edfxtp_1 (noninv, pins=4, area=30.03) is a direct match for cell type $_DFFE_PP_.
  cell sky130_fd_sc_hd__dfbbn_1 (noninv, pins=6, area=32.53) is a direct match for cell type $_DFFSR_NNN_.
  cell sky130_fd_sc_hd__dfbbp_1 (noninv, pins=6, area=32.53) is a direct match for cell type $_DFFSR_PNN_.
  final dff cell mappings:
    unmapped dff cell: $_DFF_N_
    \sky130_fd_sc_hd__dfxtp_1 _DFF_P_ (.CLK( C), .D( D), .Q( Q));
    \sky130_fd_sc_hd__dfrtn_1 _DFF_NN0_ (.CLK_N( C), .D( D), .Q( Q), .RESET_B( R));
    unmapped dff cell: $_DFF_NN1_
    unmapped dff cell: $_DFF_NP0_
    unmapped dff cell: $_DFF_NP1_
    \sky130_fd_sc_hd__dfrtp_1 _DFF_PN0_ (.CLK( C), .D( D), .Q( Q), .RESET_B( R));
    \sky130_fd_sc_hd__dfstp_2 _DFF_PN1_ (.CLK( C), .D( D), .Q( Q), .SET_B( R));
    unmapped dff cell: $_DFF_PP0_
    unmapped dff cell: $_DFF_PP1_
    unmapped dff cell: $_DFFE_NN_
    unmapped dff cell: $_DFFE_NP_
    unmapped dff cell: $_DFFE_PN_
    \sky130_fd_sc_hd__edfxtp_1 _DFFE_PP_ (.CLK( C), .D( D), .DE( E), .Q( Q));
    \sky130_fd_sc_hd__dfbbn_1 _DFFSR_NNN_ (.CLK_N( C), .D( D), .Q( Q), .Q_N(~Q), .RESET_B( R), .SET_B( S));
    unmapped dff cell: $_DFFSR_NNP_
    unmapped dff cell: $_DFFSR_NPN_
    unmapped dff cell: $_DFFSR_NPP_
    \sky130_fd_sc_hd__dfbbp_1 _DFFSR_PNN_ (.CLK( C), .D( D), .Q( Q), .Q_N(~Q), .RESET_B( R), .SET_B( S));
    unmapped dff cell: $_DFFSR_PNP_
    unmapped dff cell: $_DFFSR_PPN_
    unmapped dff cell: $_DFFSR_PPP_

19.1. Executing DFFLEGALIZE pass (convert FFs to types supported by the target).
<suppressed ~24 debug messages>
Mapping DFF cells in module `\bank_scheduler':
  mapped 90 $_DFFE_PP_ cells to \sky130_fd_sc_hd__edfxtp_1 cells.
  mapped 2 $_DFF_PN0_ cells to \sky130_fd_sc_hd__dfrtp_1 cells.

20. Executing ABC pass (technology mapping using ABC).

20.1. Extracting gate netlist of module `\bank_scheduler' to `<abc-temp-dir>/input.blif'..
ABC: using cached merged SCL: /var/folders/01/bxfyc8j52t3gl35vw3f02t4m0000gn/T/yosys-liberty-scl-cache/yosys_merged_5a305515.scl (1 files)

20.1.1. Executed ABC.
Extracted 13 gates and 23 wires to a netlist network with 10 inputs and 10 outputs.
Running ABC script: <abc-temp-dir>/abc.script
ABC: ======== ABC command line "source <abc-temp-dir>/abc.script"
ABC: + read_blif <abc-temp-dir>/input.blif 
ABC: + read_scl /var/folders/01/bxfyc8j52t3gl35vw3f02t4m0000gn/T/yosys-liberty-scl-cache/yosys_merged_5a305515.scl 
ABC: Warning: Detected 9 multi-output cells (for example, "sky130_fd_sc_hd__fa_1").
ABC: + strash 
ABC: + &get -n 
ABC: + &fraig -x 
ABC: + &put 
ABC: + scorr 
ABC: Warning: The network is combinational (run "fraig" or "fraig_sweep").
ABC: + dc2 
ABC: + dretime 
ABC: + retime -o -D 271 
ABC: + strash 
ABC: + &get -n 
ABC: + &dch -f 
ABC: + &nf -D 271 
ABC: + &put 
ABC: + stime -p 
ABC: WireLoad = "none"  Gates =     11 (  9.1 %)   Cap =  2.4 ff ( 31.3 %)   Area =       70.07 ( 18.2 %)   Delay =   270.34 ps  ( 18.2 %)               
ABC: Path  0 --      10 : 0    2 pi                        A =   0.00  Df =   0.0   -0.0 ps  S =   0.0 ps  Cin =  0.0 ff  Cout =   4.7 ff  Cmax =   0.0 ff  G =    0  
ABC: Path  1 --      25 : 3    3 sky130_fd_sc_hd__nand3b_1 A =   7.51  Df = 138.4  -50.7 ps  S =  76.9 ps  Cin =  2.0 ff  Cout =   4.2 ff  Cmax = 143.7 ff  G =  200  
ABC: Path  2 --      26 : 2    1 sky130_fd_sc_hd__and2_0   A =   6.26  Df = 270.3  -88.5 ps  S =  21.5 ps  Cin =  1.6 ff  Cout =   0.0 ff  Cmax = 109.0 ff  G =    0  
ABC: Start-point = pi9 (\bank_pp1_ready).  End-point = po4 ($auto$opt_dff.cc:336:make_patterns_logic$1077).
ABC: + write_blif <abc-temp-dir>/output.blif 

20.1.2. Re-integrating ABC results.
ABC RESULTS:   sky130_fd_sc_hd__a21boi_0 cells:        1
ABC RESULTS:   sky130_fd_sc_hd__a21o_1 cells:        1
ABC RESULTS:   sky130_fd_sc_hd__and2_0 cells:        2
ABC RESULTS:   sky130_fd_sc_hd__and3_1 cells:        4
ABC RESULTS:   sky130_fd_sc_hd__clkinv_1 cells:        1
ABC RESULTS:   sky130_fd_sc_hd__nand2b_1 cells:        1
ABC RESULTS:   sky130_fd_sc_hd__nand3b_1 cells:        1
ABC RESULTS:        internal signals:        3
ABC RESULTS:           input signals:       10
ABC RESULTS:          output signals:       10
Removing temp directory.
Removing global temp directory.

21. Executing OPT_CLEAN pass (remove unused cells and wires).
Finding unused cells or wires in module \bank_scheduler..
Removed 0 unused cells and 29 unused wires.
<suppressed ~6 debug messages>
==STAGE:POST_TECHMAP==

22. Printing statistics.

=== bank_scheduler ===

        +----------Local Count, excluding submodules.
        |        +-Local Area, excluding submodules.
        |        | 
       29        - wires
      193        - wire bits
       24        - public wires
      188        - public wire bits
       20        - ports
      176        - port bits
      103 2.82E+03 cells
        1    7.507   sky130_fd_sc_hd__a21boi_0
        1    7.507   sky130_fd_sc_hd__a21o_1
        2   12.512   sky130_fd_sc_hd__and2_0
        4   25.024   sky130_fd_sc_hd__and3_1
        1    3.754   sky130_fd_sc_hd__clkinv_1
        2   50.048   sky130_fd_sc_hd__dfrtp_1
       90  2.7E+03   sky130_fd_sc_hd__edfxtp_1
        1    6.256   sky130_fd_sc_hd__nand2b_1
        1    7.507   sky130_fd_sc_hd__nand3b_1

   Chip area for module '\bank_scheduler': 2822.707200
     of which used for sequential elements: 2752.640000 (97.52%)

23. Executing Verilog backend.

23.1. Executing BMUXMAP pass.

23.2. Executing DEMUXMAP pass.
Dumping module `\bank_scheduler'.

Warnings: 11 unique messages, 23 total
End of script. Logfile hash: d01e43450d, time: 0.22s, user: 0.11s, system: 0.02s, MEM: 44.12 MB peak
Yosys 0.67+post (git sha1 b8e7da6f40ae8f552c116bf6c359b07c6533e159, Release, AppleClang clang++ 21.0.0.21000099)
Time spent: 34% 1x abc (0 sec), 26% 19x read_verilog (0 sec), ...
